Analysis & Synthesis report for radioberry-10CL016
Fri Jan 24 15:50:10 2020
Quartus Prime Version 18.1.0 Build 625 09/12/2018 SJ Lite Edition


---------------------
; Table of Contents ;
---------------------
  1. Legal Notice
  2. Analysis & Synthesis Summary
  3. Analysis & Synthesis Settings
  4. Parallel Compilation
  5. Analysis & Synthesis Messages
  6. Analysis & Synthesis Suppressed Messages



----------------
; Legal Notice ;
----------------
Copyright (C) 2018  Intel Corporation. All rights reserved.
Your use of Intel Corporation's design tools, logic functions 
and other software and tools, and its AMPP partner logic 
functions, and any output files from any of the foregoing 
(including device programming or simulation files), and any 
associated documentation or information are expressly subject 
to the terms and conditions of the Intel Program License 
Subscription Agreement, the Intel Quartus Prime License Agreement,
the Intel FPGA IP License Agreement, or other applicable license
agreement, including, without limitation, that your use is for
the sole purpose of programming logic devices manufactured by
Intel and sold by Intel or its authorized distributors.  Please
refer to the applicable agreement for further details.



+----------------------------------------------------------------------------------+
; Analysis & Synthesis Summary                                                     ;
+------------------------------------+---------------------------------------------+
; Analysis & Synthesis Status        ; Failed - Fri Jan 24 15:50:10 2020           ;
; Quartus Prime Version              ; 18.1.0 Build 625 09/12/2018 SJ Lite Edition ;
; Revision Name                      ; radioberry-10CL016                          ;
; Top-level Entity Name              ; radioberry                                  ;
; Family                             ; Cyclone 10 LP                               ;
; Total logic elements               ; N/A until Partition Merge                   ;
;     Total combinational functions  ; N/A until Partition Merge                   ;
;     Dedicated logic registers      ; N/A until Partition Merge                   ;
; Total registers                    ; N/A until Partition Merge                   ;
; Total pins                         ; N/A until Partition Merge                   ;
; Total virtual pins                 ; N/A until Partition Merge                   ;
; Total memory bits                  ; N/A until Partition Merge                   ;
; Embedded Multiplier 9-bit elements ; N/A until Partition Merge                   ;
; Total PLLs                         ; N/A until Partition Merge                   ;
+------------------------------------+---------------------------------------------+


+------------------------------------------------------------------------------------------------------------+
; Analysis & Synthesis Settings                                                                              ;
+------------------------------------------------------------------+--------------------+--------------------+
; Option                                                           ; Setting            ; Default Value      ;
+------------------------------------------------------------------+--------------------+--------------------+
; Device                                                           ; 10CL016YE144C8G    ;                    ;
; Top-level entity name                                            ; radioberry         ; radioberry-10CL016 ;
; Family name                                                      ; Cyclone 10 LP      ; Cyclone V          ;
; Verilog Show LMF Mapping Messages                                ; Off                ;                    ;
; Verilog Version                                                  ; SystemVerilog_2005 ; Verilog_2001       ;
; Use smart compilation                                            ; Off                ; Off                ;
; Enable parallel Assembler and Timing Analyzer during compilation ; On                 ; On                 ;
; Enable compact report table                                      ; Off                ; Off                ;
; Restructure Multiplexers                                         ; Auto               ; Auto               ;
; Create Debugging Nodes for IP Cores                              ; Off                ; Off                ;
; Preserve fewer node names                                        ; On                 ; On                 ;
; Intel FPGA IP Evaluation Mode                                    ; Enable             ; Enable             ;
; VHDL Version                                                     ; VHDL_1993          ; VHDL_1993          ;
; State Machine Processing                                         ; Auto               ; Auto               ;
; Safe State Machine                                               ; Off                ; Off                ;
; Extract Verilog State Machines                                   ; On                 ; On                 ;
; Extract VHDL State Machines                                      ; On                 ; On                 ;
; Ignore Verilog initial constructs                                ; Off                ; Off                ;
; Iteration limit for constant Verilog loops                       ; 5000               ; 5000               ;
; Iteration limit for non-constant Verilog loops                   ; 250                ; 250                ;
; Add Pass-Through Logic to Inferred RAMs                          ; On                 ; On                 ;
; Infer RAMs from Raw Logic                                        ; On                 ; On                 ;
; Parallel Synthesis                                               ; On                 ; On                 ;
; DSP Block Balancing                                              ; Auto               ; Auto               ;
; NOT Gate Push-Back                                               ; On                 ; On                 ;
; Power-Up Don't Care                                              ; On                 ; On                 ;
; Remove Redundant Logic Cells                                     ; Off                ; Off                ;
; Remove Duplicate Registers                                       ; On                 ; On                 ;
; Ignore CARRY Buffers                                             ; Off                ; Off                ;
; Ignore CASCADE Buffers                                           ; Off                ; Off                ;
; Ignore GLOBAL Buffers                                            ; Off                ; Off                ;
; Ignore ROW GLOBAL Buffers                                        ; Off                ; Off                ;
; Ignore LCELL Buffers                                             ; Off                ; Off                ;
; Ignore SOFT Buffers                                              ; On                 ; On                 ;
; Limit AHDL Integers to 32 Bits                                   ; Off                ; Off                ;
; Optimization Technique                                           ; Balanced           ; Balanced           ;
; Carry Chain Length                                               ; 70                 ; 70                 ;
; Auto Carry Chains                                                ; On                 ; On                 ;
; Auto Open-Drain Pins                                             ; On                 ; On                 ;
; Perform WYSIWYG Primitive Resynthesis                            ; Off                ; Off                ;
; Auto ROM Replacement                                             ; On                 ; On                 ;
; Auto RAM Replacement                                             ; On                 ; On                 ;
; Auto DSP Block Replacement                                       ; On                 ; On                 ;
; Auto Shift Register Replacement                                  ; Auto               ; Auto               ;
; Allow Shift Register Merging across Hierarchies                  ; Auto               ; Auto               ;
; Auto Clock Enable Replacement                                    ; On                 ; On                 ;
; Strict RAM Replacement                                           ; Off                ; Off                ;
; Allow Synchronous Control Signals                                ; On                 ; On                 ;
; Force Use of Synchronous Clear Signals                           ; Off                ; Off                ;
; Auto RAM Block Balancing                                         ; On                 ; On                 ;
; Auto RAM to Logic Cell Conversion                                ; Off                ; Off                ;
; Auto Resource Sharing                                            ; Off                ; Off                ;
; Allow Any RAM Size For Recognition                               ; Off                ; Off                ;
; Allow Any ROM Size For Recognition                               ; Off                ; Off                ;
; Allow Any Shift Register Size For Recognition                    ; Off                ; Off                ;
; Use LogicLock Constraints during Resource Balancing              ; On                 ; On                 ;
; Ignore translate_off and synthesis_off directives                ; Off                ; Off                ;
; Timing-Driven Synthesis                                          ; On                 ; On                 ;
; Report Parameter Settings                                        ; On                 ; On                 ;
; Report Source Assignments                                        ; On                 ; On                 ;
; Report Connectivity Checks                                       ; On                 ; On                 ;
; Ignore Maximum Fan-Out Assignments                               ; Off                ; Off                ;
; Synchronization Register Chain Length                            ; 2                  ; 2                  ;
; Power Optimization During Synthesis                              ; Normal compilation ; Normal compilation ;
; HDL message level                                                ; Level2             ; Level2             ;
; Suppress Register Optimization Related Messages                  ; Off                ; Off                ;
; Number of Removed Registers Reported in Synthesis Report         ; 5000               ; 5000               ;
; Number of Swept Nodes Reported in Synthesis Report               ; 5000               ; 5000               ;
; Number of Inverted Registers Reported in Synthesis Report        ; 100                ; 100                ;
; Clock MUX Protection                                             ; On                 ; On                 ;
; Auto Gated Clock Conversion                                      ; Off                ; Off                ;
; Block Design Naming                                              ; Auto               ; Auto               ;
; SDC constraint protection                                        ; Off                ; Off                ;
; Synthesis Effort                                                 ; Auto               ; Auto               ;
; Shift Register Replacement - Allow Asynchronous Clear Signal     ; On                 ; On                 ;
; Pre-Mapping Resynthesis Optimization                             ; Off                ; Off                ;
; Analysis & Synthesis Message Level                               ; Medium             ; Medium             ;
; Disable Register Merging Across Hierarchies                      ; Auto               ; Auto               ;
; Resource Aware Inference For Block RAM                           ; On                 ; On                 ;
+------------------------------------------------------------------+--------------------+--------------------+


+------------------------------------------+
; Parallel Compilation                     ;
+----------------------------+-------------+
; Processors                 ; Number      ;
+----------------------------+-------------+
; Number detected on machine ; 4           ;
; Maximum allowed            ; 2           ;
;                            ;             ;
; Average used               ; 1.00        ;
; Maximum used               ; 1           ;
;                            ;             ;
; Usage by Processor         ; % Time Used ;
;     Processor 1            ; 100.0%      ;
+----------------------------+-------------+


+-------------------------------+
; Analysis & Synthesis Messages ;
+-------------------------------+
Info: *******************************************************************
Info: Running Quartus Prime Analysis & Synthesis
    Info: Version 18.1.0 Build 625 09/12/2018 SJ Lite Edition
    Info: Processing started: Fri Jan 24 15:49:48 2020
Info: Command: quartus_map --read_settings_files=on --write_settings_files=off radioberry-10CL016 -c radioberry-10CL016
Info (16303): High Performance Effort optimization mode selected -- timing performance will be prioritized at the potential cost of increased compilation time
    Info (16304): Mode behavior is affected by advanced setting Perform Register Retiming for Performance (default for this mode is On)
Warning (18236): Number of processors has not been specified which may cause overloading on shared machines.  Set the global assignment NUM_PARALLEL_PROCESSORS in your QSF to an appropriate value for best performance.
Info (20030): Parallel compilation is enabled and will use 2 of the 2 processors detected
Warning (10275): Verilog HDL Module Instantiation warning at radioberry_core.v(193): ignored dangling comma in List of Port Connections File: C:/dev/git/Hermes-Lite2/gateware/rtl/radioberry/radioberry_core.v Line: 193
Info (12021): Found 1 design units, including 1 entities, in source file /dev/git/hermes-lite2/gateware/rtl/radioberry/radioberry_core.v
    Info (12023): Found entity 1: radioberry_core File: C:/dev/git/Hermes-Lite2/gateware/rtl/radioberry/radioberry_core.v Line: 5
Info (12021): Found 1 design units, including 1 entities, in source file /dev/git/hermes-lite2/gateware/rtl/radioberry/ad9866ctrl.v
    Info (12023): Found entity 1: ad9866ctrl File: C:/dev/git/Hermes-Lite2/gateware/rtl/radioberry/ad9866ctrl.v Line: 21
Info (12021): Found 1 design units, including 1 entities, in source file /dev/git/hermes-lite2/gateware/rtl/radioberry/ddr_mux.v
    Info (12023): Found entity 1: ddr_mux File: C:/dev/git/Hermes-Lite2/gateware/rtl/radioberry/ddr_mux.v Line: 11
Info (12021): Found 1 design units, including 1 entities, in source file /dev/git/hermes-lite2/gateware/rtl/radioberry/spi_slave.v
    Info (12023): Found entity 1: spi_slave File: C:/dev/git/Hermes-Lite2/gateware/rtl/radioberry/spi_slave.v Line: 13
Info (12021): Found 1 design units, including 1 entities, in source file /dev/git/hermes-lite2/gateware/rtl/radioberry/reset_handler.v
    Info (12023): Found entity 1: reset_handler File: C:/dev/git/Hermes-Lite2/gateware/rtl/radioberry/reset_handler.v Line: 9
Info (12021): Found 1 design units, including 1 entities, in source file /dev/git/hermes-lite2/gateware/rtl/radioberry/ad9866pll.v
    Info (12023): Found entity 1: ad9866pll File: C:/dev/git/Hermes-Lite2/gateware/rtl/radioberry/ad9866pll.v Line: 40
Info (12021): Found 1 design units, including 1 entities, in source file /dev/git/hermes-lite2/gateware/rtl/radioberry/commandfifo.v
    Info (12023): Found entity 1: commandFIFO File: C:/dev/git/Hermes-Lite2/gateware/rtl/radioberry/commandFIFO.v Line: 40
Info (12021): Found 5 design units, including 5 entities, in source file /dev/git/hermes-lite2/gateware/rtl/fifos.v
    Info (12023): Found entity 1: dsiq_fifo File: C:/dev/git/Hermes-Lite2/gateware/rtl/fifos.v Line: 2
    Info (12023): Found entity 2: dslr_fifo File: C:/dev/git/Hermes-Lite2/gateware/rtl/fifos.v Line: 129
    Info (12023): Found entity 3: usiq_fifo File: C:/dev/git/Hermes-Lite2/gateware/rtl/fifos.v Line: 194
    Info (12023): Found entity 4: usbs_fifo File: C:/dev/git/Hermes-Lite2/gateware/rtl/fifos.v Line: 274
    Info (12023): Found entity 5: asmi_fifo File: C:/dev/git/Hermes-Lite2/gateware/rtl/fifos.v Line: 359
Info (12021): Found 1 design units, including 1 entities, in source file /dev/git/hermes-lite2/gateware/rtl/ad9866.v
    Info (12023): Found entity 1: ad9866 File: C:/dev/git/Hermes-Lite2/gateware/rtl/ad9866.v Line: 21
Info (12021): Found 1 design units, including 1 entities, in source file /dev/git/hermes-lite2/gateware/rtl/radio_openhpsdr1/radio.v
    Info (12023): Found entity 1: radio File: C:/dev/git/Hermes-Lite2/gateware/rtl/radio_openhpsdr1/radio.v Line: 1
Info (12021): Found 1 design units, including 1 entities, in source file /dev/git/hermes-lite2/gateware/rtl/radio_openhpsdr1/varcic.v
    Info (12023): Found entity 1: varcic File: C:/dev/git/Hermes-Lite2/gateware/rtl/radio_openhpsdr1/varcic.v Line: 25
Info (12021): Found 1 design units, including 1 entities, in source file /dev/git/hermes-lite2/gateware/rtl/radio_openhpsdr1/cic.v
    Info (12023): Found entity 1: cic File: C:/dev/git/Hermes-Lite2/gateware/rtl/radio_openhpsdr1/cic.v Line: 25
Info (12021): Found 1 design units, including 1 entities, in source file /dev/git/hermes-lite2/gateware/rtl/radio_openhpsdr1/cic_comb.v
    Info (12023): Found entity 1: cic_comb File: C:/dev/git/Hermes-Lite2/gateware/rtl/radio_openhpsdr1/cic_comb.v Line: 25
Info (12021): Found 1 design units, including 1 entities, in source file /dev/git/hermes-lite2/gateware/rtl/radio_openhpsdr1/cic_integrator.v
    Info (12023): Found entity 1: cic_integrator File: C:/dev/git/Hermes-Lite2/gateware/rtl/radio_openhpsdr1/cic_integrator.v Line: 25
Info (12021): Found 1 design units, including 1 entities, in source file /dev/git/hermes-lite2/gateware/rtl/radio_openhpsdr1/cordic.v
    Info (12023): Found entity 1: cordic File: C:/dev/git/Hermes-Lite2/gateware/rtl/radio_openhpsdr1/cordic.v Line: 27
Info (12021): Found 1 design units, including 1 entities, in source file /dev/git/hermes-lite2/gateware/rtl/radio_openhpsdr1/cpl_cordic.v
    Info (12023): Found entity 1: cpl_cordic File: C:/dev/git/Hermes-Lite2/gateware/rtl/radio_openhpsdr1/cpl_cordic.v Line: 25
Info (12021): Found 1 design units, including 1 entities, in source file /dev/git/hermes-lite2/gateware/rtl/radio_openhpsdr1/receiver.v
    Info (12023): Found entity 1: receiver File: C:/dev/git/Hermes-Lite2/gateware/rtl/radio_openhpsdr1/receiver.v Line: 32
Info (12021): Found 1 design units, including 1 entities, in source file /dev/git/hermes-lite2/gateware/rtl/radio_openhpsdr1/firinterp5_1025_eer.v
    Info (12023): Found entity 1: FirInterp5_1025_EER File: C:/dev/git/Hermes-Lite2/gateware/rtl/radio_openhpsdr1/FirInterp5_1025_EER.v Line: 97
Info (12021): Found 1 design units, including 1 entities, in source file /dev/git/hermes-lite2/gateware/rtl/radio_openhpsdr1/counter.v
    Info (12023): Found entity 1: counter File: C:/dev/git/Hermes-Lite2/gateware/rtl/radio_openhpsdr1/counter.v Line: 40
Info (12021): Found 1 design units, including 1 entities, in source file /dev/git/hermes-lite2/gateware/rtl/radio_openhpsdr1/firrom/firrom1_1025.v
    Info (12023): Found entity 1: firrom1_1025 File: C:/dev/git/Hermes-Lite2/gateware/rtl/radio_openhpsdr1/firrom/firrom1_1025.v Line: 4
Info (12021): Found 1 design units, including 1 entities, in source file /dev/git/hermes-lite2/gateware/rtl/radio_openhpsdr1/firram36i_205.v
    Info (12023): Found entity 1: firram36I_205 File: C:/dev/git/Hermes-Lite2/gateware/rtl/radio_openhpsdr1/firram36I_205.v Line: 40
Info (12021): Found 1 design units, including 1 entities, in source file /dev/git/hermes-lite2/gateware/rtl/radio_openhpsdr1/square.v
    Info (12023): Found entity 1: square File: C:/dev/git/Hermes-Lite2/gateware/rtl/radio_openhpsdr1/square.v Line: 39
Info (12021): Found 1 design units, including 1 entities, in source file /dev/git/hermes-lite2/gateware/rtl/radio_openhpsdr1/sqroot.v
    Info (12023): Found entity 1: sqroot File: C:/dev/git/Hermes-Lite2/gateware/rtl/radio_openhpsdr1/sqroot.v Line: 40
Info (12021): Found 1 design units, including 1 entities, in source file /dev/git/hermes-lite2/gateware/rtl/nco/coarserom.v
    Info (12023): Found entity 1: coarserom File: C:/dev/git/Hermes-Lite2/gateware/rtl/nco/coarserom.v Line: 3
Info (12021): Found 1 design units, including 1 entities, in source file /dev/git/hermes-lite2/gateware/rtl/nco/finerom.v
    Info (12023): Found entity 1: finerom File: C:/dev/git/Hermes-Lite2/gateware/rtl/nco/finerom.v Line: 3
Info (12021): Found 1 design units, including 1 entities, in source file /dev/git/hermes-lite2/gateware/rtl/nco/sincos.v
    Info (12023): Found entity 1: sincos File: C:/dev/git/Hermes-Lite2/gateware/rtl/nco/sincos.v Line: 4
Warning (10238): Verilog Module Declaration warning at nco2.v(13): ignored anonymous port(s) indicated by duplicate or dangling comma(s) in the port list for module "nco2" File: C:/dev/git/Hermes-Lite2/gateware/rtl/nco/nco2.v Line: 13
Info (12021): Found 1 design units, including 1 entities, in source file /dev/git/hermes-lite2/gateware/rtl/nco/nco2.v
    Info (12023): Found entity 1: nco2 File: C:/dev/git/Hermes-Lite2/gateware/rtl/nco/nco2.v Line: 4
Info (12021): Found 1 design units, including 1 entities, in source file /dev/git/hermes-lite2/gateware/rtl/nco/mix2.v
    Info (12023): Found entity 1: mix2 File: C:/dev/git/Hermes-Lite2/gateware/rtl/nco/mix2.v Line: 4
Info (12021): Found 1 design units, including 1 entities, in source file /dev/git/hermes-lite2/gateware/rtl/radio_openhpsdr1/receiver_nco.v
    Info (12023): Found entity 1: receiver_nco File: C:/dev/git/Hermes-Lite2/gateware/rtl/radio_openhpsdr1/receiver_nco.v Line: 32
Info (12021): Found 1 design units, including 1 entities, in source file /dev/git/hermes-lite2/gateware/rtl/radio_openhpsdr1/receiver2/recv2_cic.v
    Info (12023): Found entity 1: recv2_cic File: C:/dev/git/Hermes-Lite2/gateware/rtl/radio_openhpsdr1/receiver2/recv2_cic.v Line: 24
Info (12021): Found 1 design units, including 1 entities, in source file /dev/git/hermes-lite2/gateware/rtl/radio_openhpsdr1/receiver2/recv2_cordic.v
    Info (12023): Found entity 1: recv2_cordic File: C:/dev/git/Hermes-Lite2/gateware/rtl/radio_openhpsdr1/receiver2/recv2_cordic.v Line: 25
Info (12021): Found 1 design units, including 1 entities, in source file /dev/git/hermes-lite2/gateware/rtl/radio_openhpsdr1/receiver2/receiver2.v
    Info (12023): Found entity 1: receiver2 File: C:/dev/git/Hermes-Lite2/gateware/rtl/radio_openhpsdr1/receiver2/receiver2.v Line: 35
Info (12021): Found 1 design units, including 1 entities, in source file /dev/git/hermes-lite2/gateware/rtl/radio_openhpsdr1/receiver2/recv2_firromh.v
    Info (12023): Found entity 1: recv2_firromH File: C:/dev/git/Hermes-Lite2/gateware/rtl/radio_openhpsdr1/receiver2/recv2_firromH.v Line: 39
Info (12021): Found 1 design units, including 1 entities, in source file /dev/git/hermes-lite2/gateware/rtl/radio_openhpsdr1/receiver2/recv2_firram48.v
    Info (12023): Found entity 1: recv2_firram48 File: C:/dev/git/Hermes-Lite2/gateware/rtl/radio_openhpsdr1/receiver2/recv2_firram48.v Line: 39
Info (12021): Found 2 design units, including 2 entities, in source file /dev/git/hermes-lite2/gateware/rtl/radio_openhpsdr1/receiver2/recv2_firx2r2.v
    Info (12023): Found entity 1: recv2_firX2R2 File: C:/dev/git/Hermes-Lite2/gateware/rtl/radio_openhpsdr1/receiver2/recv2_firx2r2.v Line: 93
    Info (12023): Found entity 2: recv2_fir256d File: C:/dev/git/Hermes-Lite2/gateware/rtl/radio_openhpsdr1/receiver2/recv2_firx2r2.v Line: 196
Info (12021): Found 2 design units, including 2 entities, in source file /dev/git/hermes-lite2/gateware/rtl/radio_openhpsdr1/firfilt.v
    Info (12023): Found entity 1: firX8R8 File: C:/dev/git/Hermes-Lite2/gateware/rtl/radio_openhpsdr1/firfilt.v Line: 51
    Info (12023): Found entity 2: fir256 File: C:/dev/git/Hermes-Lite2/gateware/rtl/radio_openhpsdr1/firfilt.v Line: 210
Info (12021): Found 1 design units, including 1 entities, in source file /dev/git/hermes-lite2/gateware/rtl/radio_openhpsdr1/cicinterpm5.v
    Info (12023): Found entity 1: CicInterpM5 File: C:/dev/git/Hermes-Lite2/gateware/rtl/radio_openhpsdr1/CicInterpM5.v Line: 27
Info (12021): Found 1 design units, including 1 entities, in source file /dev/git/hermes-lite2/gateware/rtl/radio_openhpsdr1/firram36i_1024.v
    Info (12023): Found entity 1: firram36I_1024 File: C:/dev/git/Hermes-Lite2/gateware/rtl/radio_openhpsdr1/firram36I_1024.v Line: 40
Info (12021): Found 1 design units, including 1 entities, in source file /dev/git/hermes-lite2/gateware/rtl/radio_openhpsdr1/firinterp8_1024.v
    Info (12023): Found entity 1: FirInterp8_1024 File: C:/dev/git/Hermes-Lite2/gateware/rtl/radio_openhpsdr1/FirInterp8_1024.v Line: 98
Info (12021): Found 1 design units, including 1 entities, in source file /dev/git/hermes-lite2/gateware/rtl/radio_openhpsdr1/firram36.v
    Info (12023): Found entity 1: firram36 File: C:/dev/git/Hermes-Lite2/gateware/rtl/radio_openhpsdr1/firram36.v Line: 40
Info (12021): Found 1 design units, including 1 entities, in source file /dev/git/hermes-lite2/gateware/rtl/radio_openhpsdr1/vna_scanner.v
    Info (12023): Found entity 1: vna_scanner File: C:/dev/git/Hermes-Lite2/gateware/rtl/radio_openhpsdr1/vna_scanner.v Line: 32
Info (12021): Found 1 design units, including 1 entities, in source file /dev/git/hermes-lite2/gateware/rtl/radio_openhpsdr1/firrom/firromh.v
    Info (12023): Found entity 1: firromH File: C:/dev/git/Hermes-Lite2/gateware/rtl/radio_openhpsdr1/firrom/firromH.v Line: 4
Info (12021): Found 1 design units, including 1 entities, in source file /dev/git/hermes-lite2/gateware/rtl/radio_openhpsdr1/firrom/firromi_1024.v
    Info (12023): Found entity 1: firromI_1024 File: C:/dev/git/Hermes-Lite2/gateware/rtl/radio_openhpsdr1/firrom/firromI_1024.v Line: 4
Info (12021): Found 1 design units, including 1 entities, in source file /dev/git/hermes-lite2/gateware/rtl/radio_openhpsdr1/qs1r/qs1r_cic_comb.v
    Info (12023): Found entity 1: qs1r_cic_comb File: C:/dev/git/Hermes-Lite2/gateware/rtl/radio_openhpsdr1/qs1r/qs1r_cic_comb.v Line: 25
Info (12021): Found 1 design units, including 1 entities, in source file /dev/git/hermes-lite2/gateware/rtl/radio_openhpsdr1/qs1r/qs1r_cic_integrator.v
    Info (12023): Found entity 1: qs1r_cic_integrator File: C:/dev/git/Hermes-Lite2/gateware/rtl/radio_openhpsdr1/qs1r/qs1r_cic_integrator.v Line: 25
Info (12021): Found 1 design units, including 1 entities, in source file /dev/git/hermes-lite2/gateware/rtl/radio_openhpsdr1/qs1r/qs1r_cordic.v
    Info (12023): Found entity 1: qs1r_cordic File: C:/dev/git/Hermes-Lite2/gateware/rtl/radio_openhpsdr1/qs1r/qs1r_cordic.v Line: 25
Info (12021): Found 1 design units, including 1 entities, in source file /dev/git/hermes-lite2/gateware/rtl/radio_openhpsdr1/qs1r/qs1r_fir.v
    Info (12023): Found entity 1: qs1r_fir File: C:/dev/git/Hermes-Lite2/gateware/rtl/radio_openhpsdr1/qs1r/qs1r_fir.v Line: 25
Info (12021): Found 1 design units, including 1 entities, in source file /dev/git/hermes-lite2/gateware/rtl/radio_openhpsdr1/qs1r/qs1r_fir_coeffs.v
    Info (12023): Found entity 1: qs1r_fir_coeffs File: C:/dev/git/Hermes-Lite2/gateware/rtl/radio_openhpsdr1/qs1r/qs1r_fir_coeffs.v Line: 32
Info (12021): Found 1 design units, including 1 entities, in source file /dev/git/hermes-lite2/gateware/rtl/radio_openhpsdr1/qs1r/qs1r_fir_coeffs_rom.v
    Info (12023): Found entity 1: qs1r_fir_coeffs_rom File: C:/dev/git/Hermes-Lite2/gateware/rtl/radio_openhpsdr1/qs1r/qs1r_fir_coeffs_rom.v Line: 39
Info (12021): Found 1 design units, including 1 entities, in source file /dev/git/hermes-lite2/gateware/rtl/radio_openhpsdr1/qs1r/qs1r_fir_mac.v
    Info (12023): Found entity 1: qs1r_fir_mac File: C:/dev/git/Hermes-Lite2/gateware/rtl/radio_openhpsdr1/qs1r/qs1r_fir_mac.v Line: 28
Info (12021): Found 1 design units, including 1 entities, in source file /dev/git/hermes-lite2/gateware/rtl/radio_openhpsdr1/qs1r/qs1r_fir_shiftreg.v
    Info (12023): Found entity 1: qs1r_fir_shiftreg File: C:/dev/git/Hermes-Lite2/gateware/rtl/radio_openhpsdr1/qs1r/qs1r_fir_shiftreg.v Line: 39
Info (12021): Found 1 design units, including 1 entities, in source file /dev/git/hermes-lite2/gateware/rtl/radio_openhpsdr1/qs1r/qs1r_memcic.v
    Info (12023): Found entity 1: qs1r_memcic File: C:/dev/git/Hermes-Lite2/gateware/rtl/radio_openhpsdr1/qs1r/qs1r_memcic.v Line: 41
Info (12021): Found 1 design units, including 1 entities, in source file /dev/git/hermes-lite2/gateware/rtl/radio_openhpsdr1/qs1r/qs1r_memcic_ram.v
    Info (12023): Found entity 1: qs1r_memcic_ram File: C:/dev/git/Hermes-Lite2/gateware/rtl/radio_openhpsdr1/qs1r/qs1r_memcic_ram.v Line: 39
Info (12021): Found 1 design units, including 1 entities, in source file /dev/git/hermes-lite2/gateware/rtl/radio_openhpsdr1/qs1r/qs1r_receiver.v
    Info (12023): Found entity 1: qs1r_receiver File: C:/dev/git/Hermes-Lite2/gateware/rtl/radio_openhpsdr1/qs1r/qs1r_receiver.v Line: 30
Info (12021): Found 1 design units, including 1 entities, in source file /dev/git/hermes-lite2/gateware/rtl/radio_openhpsdr1/qs1r/qs1r_varcic.v
    Info (12023): Found entity 1: qs1r_varcic File: C:/dev/git/Hermes-Lite2/gateware/rtl/radio_openhpsdr1/qs1r/qs1r_varcic.v Line: 25
Info (12021): Found 1 design units, including 1 entities, in source file /dev/git/hermes-lite2/gateware/rtl/radio_openhpsdr1/qs1r/qs1r_mult_24sx24s.v
    Info (12023): Found entity 1: qs1r_mult_24Sx24S File: C:/dev/git/Hermes-Lite2/gateware/rtl/radio_openhpsdr1/qs1r/qs1r_mult_24Sx24S.v Line: 39
Info (12021): Found 1 design units, including 1 entities, in source file /dev/git/hermes-lite2/gateware/rtl/cdc_sync.v
    Info (12023): Found entity 1: cdc_sync File: C:/dev/git/Hermes-Lite2/gateware/rtl/cdc_sync.v Line: 30
Info (12021): Found 3 design units, including 3 entities, in source file /dev/git/hermes-lite2/gateware/rtl/sync.v
    Info (12023): Found entity 1: sync File: C:/dev/git/Hermes-Lite2/gateware/rtl/sync.v Line: 28
    Info (12023): Found entity 2: sync_pulse File: C:/dev/git/Hermes-Lite2/gateware/rtl/sync.v Line: 49
    Info (12023): Found entity 3: sync_one File: C:/dev/git/Hermes-Lite2/gateware/rtl/sync.v Line: 70
Info (12021): Found 1 design units, including 1 entities, in source file /dev/git/hermes-lite2/gateware/rtl/cw_support.v
    Info (12023): Found entity 1: cw_support File: C:/dev/git/Hermes-Lite2/gateware/rtl/cw_support.v Line: 3
Info (12021): Found 1 design units, including 1 entities, in source file /dev/git/hermes-lite2/gateware/rtl/debounce.v
    Info (12023): Found entity 1: debounce File: C:/dev/git/Hermes-Lite2/gateware/rtl/debounce.v Line: 33
Info (12021): Found 1 design units, including 1 entities, in source file /dev/git/hermes-lite2/gateware/rtl/i2c_master.v
    Info (12023): Found entity 1: i2c_master File: C:/dev/git/Hermes-Lite2/gateware/rtl/i2c_master.v Line: 32
Info (12021): Found 1 design units, including 1 entities, in source file /dev/git/hermes-lite2/gateware/rtl/i2c_bus2.v
    Info (12023): Found entity 1: i2c_bus2 File: C:/dev/git/Hermes-Lite2/gateware/rtl/i2c_bus2.v Line: 3
Info (12021): Found 1 design units, including 1 entities, in source file /dev/git/hermes-lite2/gateware/rtl/i2c.v
    Info (12023): Found entity 1: i2c File: C:/dev/git/Hermes-Lite2/gateware/rtl/i2c.v Line: 3
Info (12021): Found 1 design units, including 1 entities, in source file /dev/git/hermes-lite2/gateware/rtl/slow_adc.v
    Info (12023): Found entity 1: slow_adc File: C:/dev/git/Hermes-Lite2/gateware/rtl/slow_adc.v Line: 2
Info (12021): Found 1 design units, including 1 entities, in source file /dev/git/hermes-lite2/gateware/rtl/extamp.v
    Info (12023): Found entity 1: extamp File: C:/dev/git/Hermes-Lite2/gateware/rtl/extamp.v Line: 23
Info (12021): Found 1 design units, including 1 entities, in source file /dev/git/hermes-lite2/gateware/rtl/exttuner.v
    Info (12023): Found entity 1: exttuner File: C:/dev/git/Hermes-Lite2/gateware/rtl/exttuner.v Line: 23
Info (12021): Found 1 design units, including 1 entities, in source file radioberry.v
    Info (12023): Found entity 1: radioberry File: C:/dev/git/Hermes-Lite2/gateware/variants/radioberry - CL016/radioberry.v Line: 8
Warning (10236): Verilog HDL Implicit Net warning at radioberry_core.v(107): created implicit net for "pi_spi_done" File: C:/dev/git/Hermes-Lite2/gateware/rtl/radioberry/radioberry_core.v Line: 107
Warning (10236): Verilog HDL Implicit Net warning at radioberry_core.v(207): created implicit net for "cmd_rqst_ad9866" File: C:/dev/git/Hermes-Lite2/gateware/rtl/radioberry/radioberry_core.v Line: 207
Warning (10236): Verilog HDL Implicit Net warning at radioberry_core.v(306): created implicit net for "cmd_rqst_io" File: C:/dev/git/Hermes-Lite2/gateware/rtl/radioberry/radioberry_core.v Line: 306
Warning (10236): Verilog HDL Implicit Net warning at fifos.v(110): created implicit net for "rd_underflow" File: C:/dev/git/Hermes-Lite2/gateware/rtl/fifos.v Line: 110
Info (12127): Elaborating entity "radioberry" for the top level hierarchy
Info (12128): Elaborating entity "radioberry_core" for hierarchy "radioberry_core:radioberry_core_i" File: C:/dev/git/Hermes-Lite2/gateware/variants/radioberry - CL016/radioberry.v Line: 74
Warning (10036): Verilog HDL or VHDL warning at radioberry_core.v(58): object "cmd_requires_resp" assigned a value but never read File: C:/dev/git/Hermes-Lite2/gateware/rtl/radioberry/radioberry_core.v Line: 58
Warning (10036): Verilog HDL or VHDL warning at radioberry_core.v(109): object "run" assigned a value but never read File: C:/dev/git/Hermes-Lite2/gateware/rtl/radioberry/radioberry_core.v Line: 109
Info (12128): Elaborating entity "reset_handler" for hierarchy "radioberry_core:radioberry_core_i|reset_handler:reset_handler_inst" File: C:/dev/git/Hermes-Lite2/gateware/rtl/radioberry/radioberry_core.v Line: 100
Warning (10230): Verilog HDL assignment warning at reset_handler.v(24): truncated value with size 32 to match size of target (24) File: C:/dev/git/Hermes-Lite2/gateware/rtl/radioberry/reset_handler.v Line: 24
Info (10648): Verilog HDL Display System Task info at reset_handler.v(35): Reset handler initialization done File: C:/dev/git/Hermes-Lite2/gateware/rtl/radioberry/reset_handler.v Line: 35
Info (12128): Elaborating entity "spi_slave" for hierarchy "radioberry_core:radioberry_core_i|spi_slave:spi_slave_inst" File: C:/dev/git/Hermes-Lite2/gateware/rtl/radioberry/radioberry_core.v Line: 107
Warning (10230): Verilog HDL assignment warning at spi_slave.v(42): truncated value with size 32 to match size of target (7) File: C:/dev/git/Hermes-Lite2/gateware/rtl/radioberry/spi_slave.v Line: 42
Info (12128): Elaborating entity "commandFIFO" for hierarchy "radioberry_core:radioberry_core_i|commandFIFO:commandFIFO_inst" File: C:/dev/git/Hermes-Lite2/gateware/rtl/radioberry/radioberry_core.v Line: 117
Info (12128): Elaborating entity "dcfifo" for hierarchy "radioberry_core:radioberry_core_i|commandFIFO:commandFIFO_inst|dcfifo:dcfifo_component" File: C:/dev/git/Hermes-Lite2/gateware/rtl/radioberry/commandFIFO.v Line: 85
Info (12130): Elaborated megafunction instantiation "radioberry_core:radioberry_core_i|commandFIFO:commandFIFO_inst|dcfifo:dcfifo_component" File: C:/dev/git/Hermes-Lite2/gateware/rtl/radioberry/commandFIFO.v Line: 85
Info (12133): Instantiated megafunction "radioberry_core:radioberry_core_i|commandFIFO:commandFIFO_inst|dcfifo:dcfifo_component" with the following parameter: File: C:/dev/git/Hermes-Lite2/gateware/rtl/radioberry/commandFIFO.v Line: 85
    Info (12134): Parameter "intended_device_family" = "Cyclone 10 LP"
    Info (12134): Parameter "lpm_numwords" = "4"
    Info (12134): Parameter "lpm_showahead" = "OFF"
    Info (12134): Parameter "lpm_type" = "dcfifo"
    Info (12134): Parameter "lpm_width" = "48"
    Info (12134): Parameter "lpm_widthu" = "2"
    Info (12134): Parameter "overflow_checking" = "OFF"
    Info (12134): Parameter "rdsync_delaypipe" = "11"
    Info (12134): Parameter "read_aclr_synch" = "OFF"
    Info (12134): Parameter "underflow_checking" = "OFF"
    Info (12134): Parameter "use_eab" = "ON"
    Info (12134): Parameter "write_aclr_synch" = "OFF"
    Info (12134): Parameter "wrsync_delaypipe" = "11"
Info (12021): Found 1 design units, including 1 entities, in source file db/dcfifo_umj1.tdf
    Info (12023): Found entity 1: dcfifo_umj1 File: C:/dev/git/Hermes-Lite2/gateware/variants/radioberry - CL016/db/dcfifo_umj1.tdf Line: 38
Info (12128): Elaborating entity "dcfifo_umj1" for hierarchy "radioberry_core:radioberry_core_i|commandFIFO:commandFIFO_inst|dcfifo:dcfifo_component|dcfifo_umj1:auto_generated" File: c:/intelfpga_lite/18.1/quartus/libraries/megafunctions/dcfifo.tdf Line: 190
Info (12021): Found 1 design units, including 1 entities, in source file db/a_graycounter_g57.tdf
    Info (12023): Found entity 1: a_graycounter_g57 File: C:/dev/git/Hermes-Lite2/gateware/variants/radioberry - CL016/db/a_graycounter_g57.tdf Line: 24
Info (12128): Elaborating entity "a_graycounter_g57" for hierarchy "radioberry_core:radioberry_core_i|commandFIFO:commandFIFO_inst|dcfifo:dcfifo_component|dcfifo_umj1:auto_generated|a_graycounter_g57:rdptr_g1p" File: C:/dev/git/Hermes-Lite2/gateware/variants/radioberry - CL016/db/dcfifo_umj1.tdf Line: 50
Info (12021): Found 1 design units, including 1 entities, in source file db/a_graycounter_cjc.tdf
    Info (12023): Found entity 1: a_graycounter_cjc File: C:/dev/git/Hermes-Lite2/gateware/variants/radioberry - CL016/db/a_graycounter_cjc.tdf Line: 24
Info (12128): Elaborating entity "a_graycounter_cjc" for hierarchy "radioberry_core:radioberry_core_i|commandFIFO:commandFIFO_inst|dcfifo:dcfifo_component|dcfifo_umj1:auto_generated|a_graycounter_cjc:wrptr_g1p" File: C:/dev/git/Hermes-Lite2/gateware/variants/radioberry - CL016/db/dcfifo_umj1.tdf Line: 51
Info (12021): Found 1 design units, including 1 entities, in source file db/altsyncram_dv61.tdf
    Info (12023): Found entity 1: altsyncram_dv61 File: C:/dev/git/Hermes-Lite2/gateware/variants/radioberry - CL016/db/altsyncram_dv61.tdf Line: 27
Info (12128): Elaborating entity "altsyncram_dv61" for hierarchy "radioberry_core:radioberry_core_i|commandFIFO:commandFIFO_inst|dcfifo:dcfifo_component|dcfifo_umj1:auto_generated|altsyncram_dv61:fifo_ram" File: C:/dev/git/Hermes-Lite2/gateware/variants/radioberry - CL016/db/dcfifo_umj1.tdf Line: 52
Info (12021): Found 1 design units, including 1 entities, in source file db/alt_synch_pipe_0ol.tdf
    Info (12023): Found entity 1: alt_synch_pipe_0ol File: C:/dev/git/Hermes-Lite2/gateware/variants/radioberry - CL016/db/alt_synch_pipe_0ol.tdf Line: 26
Info (12128): Elaborating entity "alt_synch_pipe_0ol" for hierarchy "radioberry_core:radioberry_core_i|commandFIFO:commandFIFO_inst|dcfifo:dcfifo_component|dcfifo_umj1:auto_generated|alt_synch_pipe_0ol:rs_dgwp" File: C:/dev/git/Hermes-Lite2/gateware/variants/radioberry - CL016/db/dcfifo_umj1.tdf Line: 71
Info (12021): Found 1 design units, including 1 entities, in source file db/dffpipe_hd9.tdf
    Info (12023): Found entity 1: dffpipe_hd9 File: C:/dev/git/Hermes-Lite2/gateware/variants/radioberry - CL016/db/dffpipe_hd9.tdf Line: 24
Info (12128): Elaborating entity "dffpipe_hd9" for hierarchy "radioberry_core:radioberry_core_i|commandFIFO:commandFIFO_inst|dcfifo:dcfifo_component|dcfifo_umj1:auto_generated|alt_synch_pipe_0ol:rs_dgwp|dffpipe_hd9:dffpipe8" File: C:/dev/git/Hermes-Lite2/gateware/variants/radioberry - CL016/db/alt_synch_pipe_0ol.tdf Line: 34
Info (12021): Found 1 design units, including 1 entities, in source file db/cmpr_166.tdf
    Info (12023): Found entity 1: cmpr_166 File: C:/dev/git/Hermes-Lite2/gateware/variants/radioberry - CL016/db/cmpr_166.tdf Line: 22
Info (12128): Elaborating entity "cmpr_166" for hierarchy "radioberry_core:radioberry_core_i|commandFIFO:commandFIFO_inst|dcfifo:dcfifo_component|dcfifo_umj1:auto_generated|cmpr_166:rdempty_eq_comp1_lsb" File: C:/dev/git/Hermes-Lite2/gateware/variants/radioberry - CL016/db/dcfifo_umj1.tdf Line: 73
Info (12021): Found 1 design units, including 1 entities, in source file db/cmpr_066.tdf
    Info (12023): Found entity 1: cmpr_066 File: C:/dev/git/Hermes-Lite2/gateware/variants/radioberry - CL016/db/cmpr_066.tdf Line: 22
Info (12128): Elaborating entity "cmpr_066" for hierarchy "radioberry_core:radioberry_core_i|commandFIFO:commandFIFO_inst|dcfifo:dcfifo_component|dcfifo_umj1:auto_generated|cmpr_066:rdempty_eq_comp1_msb" File: C:/dev/git/Hermes-Lite2/gateware/variants/radioberry - CL016/db/dcfifo_umj1.tdf Line: 74
Info (12021): Found 1 design units, including 1 entities, in source file db/mux_c28.tdf
    Info (12023): Found entity 1: mux_c28 File: C:/dev/git/Hermes-Lite2/gateware/variants/radioberry - CL016/db/mux_c28.tdf Line: 22
Info (12128): Elaborating entity "mux_c28" for hierarchy "radioberry_core:radioberry_core_i|commandFIFO:commandFIFO_inst|dcfifo:dcfifo_component|dcfifo_umj1:auto_generated|mux_c28:rdemp_eq_comp_lsb_mux" File: C:/dev/git/Hermes-Lite2/gateware/variants/radioberry - CL016/db/dcfifo_umj1.tdf Line: 81
Info (12128): Elaborating entity "ddr_mux" for hierarchy "radioberry_core:radioberry_core_i|ddr_mux:ddr_mux_rx_inst" File: C:/dev/git/Hermes-Lite2/gateware/rtl/radioberry/radioberry_core.v Line: 142
Warning (10230): Verilog HDL assignment warning at ddr_mux.v(43): truncated value with size 32 to match size of target (2) File: C:/dev/git/Hermes-Lite2/gateware/rtl/radioberry/ddr_mux.v Line: 43
Warning (10235): Verilog HDL Always Construct warning at ddr_mux.v(56): variable "data" is read inside the Always Construct but isn't in the Always Construct's Event Control File: C:/dev/git/Hermes-Lite2/gateware/rtl/radioberry/ddr_mux.v Line: 56
Warning (10235): Verilog HDL Always Construct warning at ddr_mux.v(57): variable "data" is read inside the Always Construct but isn't in the Always Construct's Event Control File: C:/dev/git/Hermes-Lite2/gateware/rtl/radioberry/ddr_mux.v Line: 57
Warning (10235): Verilog HDL Always Construct warning at ddr_mux.v(58): variable "data" is read inside the Always Construct but isn't in the Always Construct's Event Control File: C:/dev/git/Hermes-Lite2/gateware/rtl/radioberry/ddr_mux.v Line: 58
Info (12128): Elaborating entity "sync_one" for hierarchy "radioberry_core:radioberry_core_i|sync_one:sync_one_inst" File: C:/dev/git/Hermes-Lite2/gateware/rtl/radioberry/radioberry_core.v Line: 144
Info (12128): Elaborating entity "usiq_fifo" for hierarchy "radioberry_core:radioberry_core_i|usiq_fifo:usiq_fifo_i" File: C:/dev/git/Hermes-Lite2/gateware/rtl/radioberry/radioberry_core.v Line: 161
Info (12128): Elaborating entity "dcfifo" for hierarchy "radioberry_core:radioberry_core_i|usiq_fifo:usiq_fifo_i|dcfifo:fifo_i" File: C:/dev/git/Hermes-Lite2/gateware/rtl/fifos.v Line: 261
Info (12130): Elaborated megafunction instantiation "radioberry_core:radioberry_core_i|usiq_fifo:usiq_fifo_i|dcfifo:fifo_i" File: C:/dev/git/Hermes-Lite2/gateware/rtl/fifos.v Line: 261
Info (12133): Instantiated megafunction "radioberry_core:radioberry_core_i|usiq_fifo:usiq_fifo_i|dcfifo:fifo_i" with the following parameter: File: C:/dev/git/Hermes-Lite2/gateware/rtl/fifos.v Line: 261
    Info (12134): Parameter "add_usedw_msb_bit" = "ON"
    Info (12134): Parameter "intended_device_family" = "Cyclone IV E"
    Info (12134): Parameter "lpm_numwords" = "1024"
    Info (12134): Parameter "lpm_showahead" = "ON"
    Info (12134): Parameter "lpm_type" = "dcfifo"
    Info (12134): Parameter "lpm_width" = "27"
    Info (12134): Parameter "lpm_widthu" = "11"
    Info (12134): Parameter "overflow_checking" = "ON"
    Info (12134): Parameter "rdsync_delaypipe" = "4"
    Info (12134): Parameter "underflow_checking" = "ON"
    Info (12134): Parameter "use_eab" = "ON"
    Info (12134): Parameter "wrsync_delaypipe" = "4"
Info (12021): Found 1 design units, including 1 entities, in source file db/dcfifo_l6k1.tdf
    Info (12023): Found entity 1: dcfifo_l6k1 File: C:/dev/git/Hermes-Lite2/gateware/variants/radioberry - CL016/db/dcfifo_l6k1.tdf Line: 42
Info (12128): Elaborating entity "dcfifo_l6k1" for hierarchy "radioberry_core:radioberry_core_i|usiq_fifo:usiq_fifo_i|dcfifo:fifo_i|dcfifo_l6k1:auto_generated" File: c:/intelfpga_lite/18.1/quartus/libraries/megafunctions/dcfifo.tdf Line: 190
Info (12021): Found 1 design units, including 1 entities, in source file db/a_gray2bin_0ib.tdf
    Info (12023): Found entity 1: a_gray2bin_0ib File: C:/dev/git/Hermes-Lite2/gateware/variants/radioberry - CL016/db/a_gray2bin_0ib.tdf Line: 22
Info (12128): Elaborating entity "a_gray2bin_0ib" for hierarchy "radioberry_core:radioberry_core_i|usiq_fifo:usiq_fifo_i|dcfifo:fifo_i|dcfifo_l6k1:auto_generated|a_gray2bin_0ib:rdptr_g_gray2bin" File: C:/dev/git/Hermes-Lite2/gateware/variants/radioberry - CL016/db/dcfifo_l6k1.tdf Line: 58
Info (12021): Found 1 design units, including 1 entities, in source file db/a_graycounter_to6.tdf
    Info (12023): Found entity 1: a_graycounter_to6 File: C:/dev/git/Hermes-Lite2/gateware/variants/radioberry - CL016/db/a_graycounter_to6.tdf Line: 24
Info (12128): Elaborating entity "a_graycounter_to6" for hierarchy "radioberry_core:radioberry_core_i|usiq_fifo:usiq_fifo_i|dcfifo:fifo_i|dcfifo_l6k1:auto_generated|a_graycounter_to6:rdptr_g1p" File: C:/dev/git/Hermes-Lite2/gateware/variants/radioberry - CL016/db/dcfifo_l6k1.tdf Line: 62
Info (12021): Found 1 design units, including 1 entities, in source file db/a_graycounter_p6c.tdf
    Info (12023): Found entity 1: a_graycounter_p6c File: C:/dev/git/Hermes-Lite2/gateware/variants/radioberry - CL016/db/a_graycounter_p6c.tdf Line: 24
Info (12128): Elaborating entity "a_graycounter_p6c" for hierarchy "radioberry_core:radioberry_core_i|usiq_fifo:usiq_fifo_i|dcfifo:fifo_i|dcfifo_l6k1:auto_generated|a_graycounter_p6c:wrptr_g1p" File: C:/dev/git/Hermes-Lite2/gateware/variants/radioberry - CL016/db/dcfifo_l6k1.tdf Line: 63
Info (12021): Found 1 design units, including 1 entities, in source file db/altsyncram_8721.tdf
    Info (12023): Found entity 1: altsyncram_8721 File: C:/dev/git/Hermes-Lite2/gateware/variants/radioberry - CL016/db/altsyncram_8721.tdf Line: 27
Info (12128): Elaborating entity "altsyncram_8721" for hierarchy "radioberry_core:radioberry_core_i|usiq_fifo:usiq_fifo_i|dcfifo:fifo_i|dcfifo_l6k1:auto_generated|altsyncram_8721:fifo_ram" File: C:/dev/git/Hermes-Lite2/gateware/variants/radioberry - CL016/db/dcfifo_l6k1.tdf Line: 64
Info (12021): Found 1 design units, including 1 entities, in source file db/dffpipe_pu8.tdf
    Info (12023): Found entity 1: dffpipe_pu8 File: C:/dev/git/Hermes-Lite2/gateware/variants/radioberry - CL016/db/dffpipe_pu8.tdf Line: 24
Info (12128): Elaborating entity "dffpipe_pu8" for hierarchy "radioberry_core:radioberry_core_i|usiq_fifo:usiq_fifo_i|dcfifo:fifo_i|dcfifo_l6k1:auto_generated|dffpipe_pu8:rdfull_reg" File: C:/dev/git/Hermes-Lite2/gateware/variants/radioberry - CL016/db/dcfifo_l6k1.tdf Line: 71
Info (12021): Found 1 design units, including 1 entities, in source file db/dffpipe_a09.tdf
    Info (12023): Found entity 1: dffpipe_a09 File: C:/dev/git/Hermes-Lite2/gateware/variants/radioberry - CL016/db/dffpipe_a09.tdf Line: 24
Info (12128): Elaborating entity "dffpipe_a09" for hierarchy "radioberry_core:radioberry_core_i|usiq_fifo:usiq_fifo_i|dcfifo:fifo_i|dcfifo_l6k1:auto_generated|dffpipe_a09:rs_brp" File: C:/dev/git/Hermes-Lite2/gateware/variants/radioberry - CL016/db/dcfifo_l6k1.tdf Line: 72
Info (12021): Found 1 design units, including 1 entities, in source file db/alt_synch_pipe_ual.tdf
    Info (12023): Found entity 1: alt_synch_pipe_ual File: C:/dev/git/Hermes-Lite2/gateware/variants/radioberry - CL016/db/alt_synch_pipe_ual.tdf Line: 26
Info (12128): Elaborating entity "alt_synch_pipe_ual" for hierarchy "radioberry_core:radioberry_core_i|usiq_fifo:usiq_fifo_i|dcfifo:fifo_i|dcfifo_l6k1:auto_generated|alt_synch_pipe_ual:rs_dgwp" File: C:/dev/git/Hermes-Lite2/gateware/variants/radioberry - CL016/db/dcfifo_l6k1.tdf Line: 74
Info (12021): Found 1 design units, including 1 entities, in source file db/dffpipe_h09.tdf
    Info (12023): Found entity 1: dffpipe_h09 File: C:/dev/git/Hermes-Lite2/gateware/variants/radioberry - CL016/db/dffpipe_h09.tdf Line: 24
Info (12128): Elaborating entity "dffpipe_h09" for hierarchy "radioberry_core:radioberry_core_i|usiq_fifo:usiq_fifo_i|dcfifo:fifo_i|dcfifo_l6k1:auto_generated|alt_synch_pipe_ual:rs_dgwp|dffpipe_h09:dffpipe5" File: C:/dev/git/Hermes-Lite2/gateware/variants/radioberry - CL016/db/alt_synch_pipe_ual.tdf Line: 33
Info (12021): Found 1 design units, including 1 entities, in source file db/alt_synch_pipe_val.tdf
    Info (12023): Found entity 1: alt_synch_pipe_val File: C:/dev/git/Hermes-Lite2/gateware/variants/radioberry - CL016/db/alt_synch_pipe_val.tdf Line: 26
Info (12128): Elaborating entity "alt_synch_pipe_val" for hierarchy "radioberry_core:radioberry_core_i|usiq_fifo:usiq_fifo_i|dcfifo:fifo_i|dcfifo_l6k1:auto_generated|alt_synch_pipe_val:ws_dgrp" File: C:/dev/git/Hermes-Lite2/gateware/variants/radioberry - CL016/db/dcfifo_l6k1.tdf Line: 78
Info (12021): Found 1 design units, including 1 entities, in source file db/dffpipe_i09.tdf
    Info (12023): Found entity 1: dffpipe_i09 File: C:/dev/git/Hermes-Lite2/gateware/variants/radioberry - CL016/db/dffpipe_i09.tdf Line: 24
Info (12128): Elaborating entity "dffpipe_i09" for hierarchy "radioberry_core:radioberry_core_i|usiq_fifo:usiq_fifo_i|dcfifo:fifo_i|dcfifo_l6k1:auto_generated|alt_synch_pipe_val:ws_dgrp|dffpipe_i09:dffpipe8" File: C:/dev/git/Hermes-Lite2/gateware/variants/radioberry - CL016/db/alt_synch_pipe_val.tdf Line: 33
Info (12021): Found 1 design units, including 1 entities, in source file db/cmpr_h76.tdf
    Info (12023): Found entity 1: cmpr_h76 File: C:/dev/git/Hermes-Lite2/gateware/variants/radioberry - CL016/db/cmpr_h76.tdf Line: 22
Info (12128): Elaborating entity "cmpr_h76" for hierarchy "radioberry_core:radioberry_core_i|usiq_fifo:usiq_fifo_i|dcfifo:fifo_i|dcfifo_l6k1:auto_generated|cmpr_h76:rdempty_eq_comp" File: C:/dev/git/Hermes-Lite2/gateware/variants/radioberry - CL016/db/dcfifo_l6k1.tdf Line: 85
Info (12128): Elaborating entity "dsiq_fifo" for hierarchy "radioberry_core:radioberry_core_i|dsiq_fifo:dsiq_fifo_i" File: C:/dev/git/Hermes-Lite2/gateware/rtl/radioberry/radioberry_core.v Line: 193
Warning (10036): Verilog HDL or VHDL warning at fifos.v(110): object "rd_underflow" assigned a value but never read File: C:/dev/git/Hermes-Lite2/gateware/rtl/fifos.v Line: 110
Info (12128): Elaborating entity "dcfifo_mixed_widths" for hierarchy "radioberry_core:radioberry_core_i|dsiq_fifo:dsiq_fifo_i|dcfifo_mixed_widths:fifo_i" File: C:/dev/git/Hermes-Lite2/gateware/rtl/fifos.v Line: 94
Info (12130): Elaborated megafunction instantiation "radioberry_core:radioberry_core_i|dsiq_fifo:dsiq_fifo_i|dcfifo_mixed_widths:fifo_i" File: C:/dev/git/Hermes-Lite2/gateware/rtl/fifos.v Line: 94
Info (12133): Instantiated megafunction "radioberry_core:radioberry_core_i|dsiq_fifo:dsiq_fifo_i|dcfifo_mixed_widths:fifo_i" with the following parameter: File: C:/dev/git/Hermes-Lite2/gateware/rtl/fifos.v Line: 94
    Info (12134): Parameter "intended_device_family" = "Cyclone IV E"
    Info (12134): Parameter "lpm_numwords" = "8192"
    Info (12134): Parameter "lpm_showahead" = "ON"
    Info (12134): Parameter "lpm_type" = "dcfifo_mixed_widths"
    Info (12134): Parameter "lpm_width" = "8"
    Info (12134): Parameter "lpm_widthu" = "13"
    Info (12134): Parameter "lpm_widthu_r" = "11"
    Info (12134): Parameter "lpm_width_r" = "32"
    Info (12134): Parameter "overflow_checking" = "ON"
    Info (12134): Parameter "rdsync_delaypipe" = "4"
    Info (12134): Parameter "underflow_checking" = "ON"
    Info (12134): Parameter "use_eab" = "ON"
    Info (12134): Parameter "wrsync_delaypipe" = "4"
Info (12021): Found 1 design units, including 1 entities, in source file db/dcfifo_22i1.tdf
    Info (12023): Found entity 1: dcfifo_22i1 File: C:/dev/git/Hermes-Lite2/gateware/variants/radioberry - CL016/db/dcfifo_22i1.tdf Line: 44
Info (12128): Elaborating entity "dcfifo_22i1" for hierarchy "radioberry_core:radioberry_core_i|dsiq_fifo:dsiq_fifo_i|dcfifo_mixed_widths:fifo_i|dcfifo_22i1:auto_generated" File: c:/intelfpga_lite/18.1/quartus/libraries/megafunctions/dcfifo_mixed_widths.tdf Line: 78
Info (12021): Found 1 design units, including 1 entities, in source file db/a_gray2bin_1ib.tdf
    Info (12023): Found entity 1: a_gray2bin_1ib File: C:/dev/git/Hermes-Lite2/gateware/variants/radioberry - CL016/db/a_gray2bin_1ib.tdf Line: 22
Info (12128): Elaborating entity "a_gray2bin_1ib" for hierarchy "radioberry_core:radioberry_core_i|dsiq_fifo:dsiq_fifo_i|dcfifo_mixed_widths:fifo_i|dcfifo_22i1:auto_generated|a_gray2bin_1ib:rdptr_g_gray2bin" File: C:/dev/git/Hermes-Lite2/gateware/variants/radioberry - CL016/db/dcfifo_22i1.tdf Line: 59
Info (12021): Found 1 design units, including 1 entities, in source file db/a_graycounter_uo6.tdf
    Info (12023): Found entity 1: a_graycounter_uo6 File: C:/dev/git/Hermes-Lite2/gateware/variants/radioberry - CL016/db/a_graycounter_uo6.tdf Line: 24
Info (12128): Elaborating entity "a_graycounter_uo6" for hierarchy "radioberry_core:radioberry_core_i|dsiq_fifo:dsiq_fifo_i|dcfifo_mixed_widths:fifo_i|dcfifo_22i1:auto_generated|a_graycounter_uo6:rdptr_g1p" File: C:/dev/git/Hermes-Lite2/gateware/variants/radioberry - CL016/db/dcfifo_22i1.tdf Line: 63
Info (12021): Found 1 design units, including 1 entities, in source file db/a_graycounter_q6c.tdf
    Info (12023): Found entity 1: a_graycounter_q6c File: C:/dev/git/Hermes-Lite2/gateware/variants/radioberry - CL016/db/a_graycounter_q6c.tdf Line: 24
Info (12128): Elaborating entity "a_graycounter_q6c" for hierarchy "radioberry_core:radioberry_core_i|dsiq_fifo:dsiq_fifo_i|dcfifo_mixed_widths:fifo_i|dcfifo_22i1:auto_generated|a_graycounter_q6c:wrptr_g1p" File: C:/dev/git/Hermes-Lite2/gateware/variants/radioberry - CL016/db/dcfifo_22i1.tdf Line: 64
Info (12021): Found 1 design units, including 1 entities, in source file db/altsyncram_tpu.tdf
    Info (12023): Found entity 1: altsyncram_tpu File: C:/dev/git/Hermes-Lite2/gateware/variants/radioberry - CL016/db/altsyncram_tpu.tdf Line: 27
Info (12128): Elaborating entity "altsyncram_tpu" for hierarchy "radioberry_core:radioberry_core_i|dsiq_fifo:dsiq_fifo_i|dcfifo_mixed_widths:fifo_i|dcfifo_22i1:auto_generated|altsyncram_tpu:fifo_ram" File: C:/dev/git/Hermes-Lite2/gateware/variants/radioberry - CL016/db/dcfifo_22i1.tdf Line: 65
Info (12021): Found 1 design units, including 1 entities, in source file db/dffpipe_d09.tdf
    Info (12023): Found entity 1: dffpipe_d09 File: C:/dev/git/Hermes-Lite2/gateware/variants/radioberry - CL016/db/dffpipe_d09.tdf Line: 24
Info (12128): Elaborating entity "dffpipe_d09" for hierarchy "radioberry_core:radioberry_core_i|dsiq_fifo:dsiq_fifo_i|dcfifo_mixed_widths:fifo_i|dcfifo_22i1:auto_generated|dffpipe_d09:rs_brp" File: C:/dev/git/Hermes-Lite2/gateware/variants/radioberry - CL016/db/dcfifo_22i1.tdf Line: 69
Info (12021): Found 1 design units, including 1 entities, in source file db/alt_synch_pipe_sal.tdf
    Info (12023): Found entity 1: alt_synch_pipe_sal File: C:/dev/git/Hermes-Lite2/gateware/variants/radioberry - CL016/db/alt_synch_pipe_sal.tdf Line: 26
Info (12128): Elaborating entity "alt_synch_pipe_sal" for hierarchy "radioberry_core:radioberry_core_i|dsiq_fifo:dsiq_fifo_i|dcfifo_mixed_widths:fifo_i|dcfifo_22i1:auto_generated|alt_synch_pipe_sal:rs_dgwp" File: C:/dev/git/Hermes-Lite2/gateware/variants/radioberry - CL016/db/dcfifo_22i1.tdf Line: 71
Info (12021): Found 1 design units, including 1 entities, in source file db/dffpipe_e09.tdf
    Info (12023): Found entity 1: dffpipe_e09 File: C:/dev/git/Hermes-Lite2/gateware/variants/radioberry - CL016/db/dffpipe_e09.tdf Line: 24
Info (12128): Elaborating entity "dffpipe_e09" for hierarchy "radioberry_core:radioberry_core_i|dsiq_fifo:dsiq_fifo_i|dcfifo_mixed_widths:fifo_i|dcfifo_22i1:auto_generated|alt_synch_pipe_sal:rs_dgwp|dffpipe_e09:dffpipe13" File: C:/dev/git/Hermes-Lite2/gateware/variants/radioberry - CL016/db/alt_synch_pipe_sal.tdf Line: 33
Info (12021): Found 1 design units, including 1 entities, in source file db/dffpipe_f09.tdf
    Info (12023): Found entity 1: dffpipe_f09 File: C:/dev/git/Hermes-Lite2/gateware/variants/radioberry - CL016/db/dffpipe_f09.tdf Line: 24
Info (12128): Elaborating entity "dffpipe_f09" for hierarchy "radioberry_core:radioberry_core_i|dsiq_fifo:dsiq_fifo_i|dcfifo_mixed_widths:fifo_i|dcfifo_22i1:auto_generated|dffpipe_f09:ws_bwp" File: C:/dev/git/Hermes-Lite2/gateware/variants/radioberry - CL016/db/dcfifo_22i1.tdf Line: 73
Info (12021): Found 1 design units, including 1 entities, in source file db/alt_synch_pipe_tal.tdf
    Info (12023): Found entity 1: alt_synch_pipe_tal File: C:/dev/git/Hermes-Lite2/gateware/variants/radioberry - CL016/db/alt_synch_pipe_tal.tdf Line: 26
Info (12128): Elaborating entity "alt_synch_pipe_tal" for hierarchy "radioberry_core:radioberry_core_i|dsiq_fifo:dsiq_fifo_i|dcfifo_mixed_widths:fifo_i|dcfifo_22i1:auto_generated|alt_synch_pipe_tal:ws_dgrp" File: C:/dev/git/Hermes-Lite2/gateware/variants/radioberry - CL016/db/dcfifo_22i1.tdf Line: 74
Info (12021): Found 1 design units, including 1 entities, in source file db/dffpipe_g09.tdf
    Info (12023): Found entity 1: dffpipe_g09 File: C:/dev/git/Hermes-Lite2/gateware/variants/radioberry - CL016/db/dffpipe_g09.tdf Line: 24
Info (12128): Elaborating entity "dffpipe_g09" for hierarchy "radioberry_core:radioberry_core_i|dsiq_fifo:dsiq_fifo_i|dcfifo_mixed_widths:fifo_i|dcfifo_22i1:auto_generated|alt_synch_pipe_tal:ws_dgrp|dffpipe_g09:dffpipe17" File: C:/dev/git/Hermes-Lite2/gateware/variants/radioberry - CL016/db/alt_synch_pipe_tal.tdf Line: 33
Info (12021): Found 1 design units, including 1 entities, in source file db/cmpr_i76.tdf
    Info (12023): Found entity 1: cmpr_i76 File: C:/dev/git/Hermes-Lite2/gateware/variants/radioberry - CL016/db/cmpr_i76.tdf Line: 22
Info (12128): Elaborating entity "cmpr_i76" for hierarchy "radioberry_core:radioberry_core_i|dsiq_fifo:dsiq_fifo_i|dcfifo_mixed_widths:fifo_i|dcfifo_22i1:auto_generated|cmpr_i76:rdempty_eq_comp" File: C:/dev/git/Hermes-Lite2/gateware/variants/radioberry - CL016/db/dcfifo_22i1.tdf Line: 81
Info (12021): Found 1 design units, including 1 entities, in source file db/cntr_ild.tdf
    Info (12023): Found entity 1: cntr_ild File: C:/dev/git/Hermes-Lite2/gateware/variants/radioberry - CL016/db/cntr_ild.tdf Line: 27
Info (12128): Elaborating entity "cntr_ild" for hierarchy "radioberry_core:radioberry_core_i|dsiq_fifo:dsiq_fifo_i|dcfifo_mixed_widths:fifo_i|dcfifo_22i1:auto_generated|cntr_ild:cntr_b" File: C:/dev/git/Hermes-Lite2/gateware/variants/radioberry - CL016/db/dcfifo_22i1.tdf Line: 83
Info (12128): Elaborating entity "ad9866pll" for hierarchy "radioberry_core:radioberry_core_i|ad9866pll:ad9866pll_inst" File: C:/dev/git/Hermes-Lite2/gateware/rtl/radioberry/radioberry_core.v Line: 198
Info (12128): Elaborating entity "altpll" for hierarchy "radioberry_core:radioberry_core_i|ad9866pll:ad9866pll_inst|altpll:altpll_component" File: C:/dev/git/Hermes-Lite2/gateware/rtl/radioberry/ad9866pll.v Line: 107
Info (12130): Elaborated megafunction instantiation "radioberry_core:radioberry_core_i|ad9866pll:ad9866pll_inst|altpll:altpll_component" File: C:/dev/git/Hermes-Lite2/gateware/rtl/radioberry/ad9866pll.v Line: 107
Info (12133): Instantiated megafunction "radioberry_core:radioberry_core_i|ad9866pll:ad9866pll_inst|altpll:altpll_component" with the following parameter: File: C:/dev/git/Hermes-Lite2/gateware/rtl/radioberry/ad9866pll.v Line: 107
    Info (12134): Parameter "bandwidth_type" = "AUTO"
    Info (12134): Parameter "clk0_divide_by" = "1"
    Info (12134): Parameter "clk0_duty_cycle" = "50"
    Info (12134): Parameter "clk0_multiply_by" = "1"
    Info (12134): Parameter "clk0_phase_shift" = "0"
    Info (12134): Parameter "clk1_divide_by" = "1"
    Info (12134): Parameter "clk1_duty_cycle" = "50"
    Info (12134): Parameter "clk1_multiply_by" = "2"
    Info (12134): Parameter "clk1_phase_shift" = "0"
    Info (12134): Parameter "clk2_divide_by" = "5"
    Info (12134): Parameter "clk2_duty_cycle" = "50"
    Info (12134): Parameter "clk2_multiply_by" = "16"
    Info (12134): Parameter "clk2_phase_shift" = "0"
    Info (12134): Parameter "clk3_divide_by" = "192"
    Info (12134): Parameter "clk3_duty_cycle" = "50"
    Info (12134): Parameter "clk3_multiply_by" = "25"
    Info (12134): Parameter "clk3_phase_shift" = "0"
    Info (12134): Parameter "compensate_clock" = "CLK0"
    Info (12134): Parameter "inclk0_input_frequency" = "13020"
    Info (12134): Parameter "intended_device_family" = "Cyclone 10 LP"
    Info (12134): Parameter "lpm_hint" = "CBX_MODULE_PREFIX=ad9866pll"
    Info (12134): Parameter "lpm_type" = "altpll"
    Info (12134): Parameter "operation_mode" = "NORMAL"
    Info (12134): Parameter "pll_type" = "AUTO"
    Info (12134): Parameter "port_activeclock" = "PORT_UNUSED"
    Info (12134): Parameter "port_areset" = "PORT_UNUSED"
    Info (12134): Parameter "port_clkbad0" = "PORT_UNUSED"
    Info (12134): Parameter "port_clkbad1" = "PORT_UNUSED"
    Info (12134): Parameter "port_clkloss" = "PORT_UNUSED"
    Info (12134): Parameter "port_clkswitch" = "PORT_UNUSED"
    Info (12134): Parameter "port_configupdate" = "PORT_UNUSED"
    Info (12134): Parameter "port_fbin" = "PORT_UNUSED"
    Info (12134): Parameter "port_inclk0" = "PORT_USED"
    Info (12134): Parameter "port_inclk1" = "PORT_UNUSED"
    Info (12134): Parameter "port_locked" = "PORT_USED"
    Info (12134): Parameter "port_pfdena" = "PORT_UNUSED"
    Info (12134): Parameter "port_phasecounterselect" = "PORT_UNUSED"
    Info (12134): Parameter "port_phasedone" = "PORT_UNUSED"
    Info (12134): Parameter "port_phasestep" = "PORT_UNUSED"
    Info (12134): Parameter "port_phaseupdown" = "PORT_UNUSED"
    Info (12134): Parameter "port_pllena" = "PORT_UNUSED"
    Info (12134): Parameter "port_scanaclr" = "PORT_UNUSED"
    Info (12134): Parameter "port_scanclk" = "PORT_UNUSED"
    Info (12134): Parameter "port_scanclkena" = "PORT_UNUSED"
    Info (12134): Parameter "port_scandata" = "PORT_UNUSED"
    Info (12134): Parameter "port_scandataout" = "PORT_UNUSED"
    Info (12134): Parameter "port_scandone" = "PORT_UNUSED"
    Info (12134): Parameter "port_scanread" = "PORT_UNUSED"
    Info (12134): Parameter "port_scanwrite" = "PORT_UNUSED"
    Info (12134): Parameter "port_clk0" = "PORT_USED"
    Info (12134): Parameter "port_clk1" = "PORT_USED"
    Info (12134): Parameter "port_clk2" = "PORT_USED"
    Info (12134): Parameter "port_clk3" = "PORT_USED"
    Info (12134): Parameter "port_clk4" = "PORT_UNUSED"
    Info (12134): Parameter "port_clk5" = "PORT_UNUSED"
    Info (12134): Parameter "port_clkena0" = "PORT_UNUSED"
    Info (12134): Parameter "port_clkena1" = "PORT_UNUSED"
    Info (12134): Parameter "port_clkena2" = "PORT_UNUSED"
    Info (12134): Parameter "port_clkena3" = "PORT_UNUSED"
    Info (12134): Parameter "port_clkena4" = "PORT_UNUSED"
    Info (12134): Parameter "port_clkena5" = "PORT_UNUSED"
    Info (12134): Parameter "port_extclk0" = "PORT_UNUSED"
    Info (12134): Parameter "port_extclk1" = "PORT_UNUSED"
    Info (12134): Parameter "port_extclk2" = "PORT_UNUSED"
    Info (12134): Parameter "port_extclk3" = "PORT_UNUSED"
    Info (12134): Parameter "self_reset_on_loss_lock" = "ON"
    Info (12134): Parameter "width_clock" = "5"
Info (12021): Found 1 design units, including 1 entities, in source file db/ad9866pll_altpll.v
    Info (12023): Found entity 1: ad9866pll_altpll File: C:/dev/git/Hermes-Lite2/gateware/variants/radioberry - CL016/db/ad9866pll_altpll.v Line: 29
Info (12128): Elaborating entity "ad9866pll_altpll" for hierarchy "radioberry_core:radioberry_core_i|ad9866pll:ad9866pll_inst|altpll:altpll_component|ad9866pll_altpll:auto_generated" File: c:/intelfpga_lite/18.1/quartus/libraries/megafunctions/altpll.tdf Line: 897
Info (12128): Elaborating entity "sync_pulse" for hierarchy "radioberry_core:radioberry_core_i|sync_pulse:sync_pulse_ad9866" File: C:/dev/git/Hermes-Lite2/gateware/rtl/radioberry/radioberry_core.v Line: 208
Info (12128): Elaborating entity "sync" for hierarchy "radioberry_core:radioberry_core_i|sync:sync_ad9866_tx_on" File: C:/dev/git/Hermes-Lite2/gateware/rtl/radioberry/radioberry_core.v Line: 220
Info (12128): Elaborating entity "ad9866" for hierarchy "radioberry_core:radioberry_core_i|ad9866:ad9866_i" File: C:/dev/git/Hermes-Lite2/gateware/rtl/radioberry/radioberry_core.v Line: 250
Info (12128): Elaborating entity "radio" for hierarchy "radioberry_core:radioberry_core_i|radio:radio_i" File: C:/dev/git/Hermes-Lite2/gateware/rtl/radioberry/radioberry_core.v Line: 298
Warning (10036): Verilog HDL or VHDL warning at radio.v(783): object "txsumq" assigned a value but never read File: C:/dev/git/Hermes-Lite2/gateware/rtl/radio_openhpsdr1/radio.v Line: 783
Error (10251): Verilog HDL error at radio.v(469): index 3 cannot fall outside the declared range [0:2] for dimension 0 of array "rx_data_rdy" File: C:/dev/git/Hermes-Lite2/gateware/rtl/radio_openhpsdr1/radio.v Line: 469
Error (10251): Verilog HDL error at radio.v(470): index 3 cannot fall outside the declared range [0:2] for dimension 0 of array "rx_data_i" File: C:/dev/git/Hermes-Lite2/gateware/rtl/radio_openhpsdr1/radio.v Line: 470
Error (10251): Verilog HDL error at radio.v(471): index 3 cannot fall outside the declared range [0:2] for dimension 0 of array "rx_data_q" File: C:/dev/git/Hermes-Lite2/gateware/rtl/radio_openhpsdr1/radio.v Line: 471
Error (12152): Can't elaborate user hierarchy "radioberry_core:radioberry_core_i|radio:radio_i" File: C:/dev/git/Hermes-Lite2/gateware/rtl/radioberry/radioberry_core.v Line: 298
Info (144001): Generated suppressed messages file C:/dev/git/Hermes-Lite2/gateware/variants/radioberry - CL016/build/radioberry-10CL016.map.smsg
Error: Quartus Prime Analysis & Synthesis was unsuccessful. 4 errors, 17 warnings
    Error: Peak virtual memory: 4782 megabytes
    Error: Processing ended: Fri Jan 24 15:50:10 2020
    Error: Elapsed time: 00:00:22
    Error: Total CPU time (on all processors): 00:00:41


+------------------------------------------+
; Analysis & Synthesis Suppressed Messages ;
+------------------------------------------+
The suppressed messages can be found in C:/dev/git/Hermes-Lite2/gateware/variants/radioberry - CL016/build/radioberry-10CL016.map.smsg.


